  [1m[35m (0.2ms)[0m  [1m[34mSELECT sqlite_version(*)[0m
  ↳ bin/rails:4
  [1m[35m (6.9ms)[0m  [1m[35mCREATE TABLE "schema_migrations" ("version" varchar NOT NULL PRIMARY KEY)[0m
  ↳ bin/rails:4
  [1m[35m (5.6ms)[0m  [1m[35mCREATE TABLE "ar_internal_metadata" ("key" varchar NOT NULL PRIMARY KEY, "value" varchar, "created_at" datetime NOT NULL, "updated_at" datetime NOT NULL)[0m
  ↳ bin/rails:4
  [1m[36mActiveRecord::InternalMetadata Load (0.4ms)[0m  [1m[34mSELECT  "ar_internal_metadata".* FROM "ar_internal_metadata" WHERE "ar_internal_metadata"."key" = ? LIMIT ?[0m  [["key", "environment"], ["LIMIT", 1]]
  ↳ bin/rails:4
  [1m[35m (0.1ms)[0m  [1m[36mbegin transaction[0m
  ↳ bin/rails:4
  [1m[36mActiveRecord::InternalMetadata Create (0.3ms)[0m  [1m[32mINSERT INTO "ar_internal_metadata" ("key", "value", "created_at", "updated_at") VALUES (?, ?, ?, ?)[0m  [["key", "environment"], ["value", "development"], ["created_at", "2019-11-27 21:52:03.169097"], ["updated_at", "2019-11-27 21:52:03.169097"]]
  ↳ bin/rails:4
  [1m[35m (29.3ms)[0m  [1m[36mcommit transaction[0m
  ↳ bin/rails:4
  [1m[35m (0.3ms)[0m  [1m[34mSELECT "schema_migrations"."version" FROM "schema_migrations" ORDER BY "schema_migrations"."version" ASC[0m
  ↳ bin/rails:4
Started GET "/" for 172.18.0.1 at 2019-11-27 21:52:06 +0000
Cannot render console from 172.18.0.1! Allowed networks: 127.0.0.1, ::1, 127.0.0.0/127.255.255.255
Processing by Rails::WelcomeController#index as HTML
  Rendering /usr/local/bundle/gems/railties-5.2.3/lib/rails/templates/rails/welcome/index.html.erb
  Rendered /usr/local/bundle/gems/railties-5.2.3/lib/rails/templates/rails/welcome/index.html.erb (49.1ms)
Completed 200 OK in 60ms (Views: 56.2ms | ActiveRecord: 0.0ms)


Started GET "/" for 35.191.0.163 at 2019-11-27 21:52:11 +0000
Cannot render console from 35.191.0.163! Allowed networks: 127.0.0.1, ::1, 127.0.0.0/127.255.255.255
Processing by Rails::WelcomeController#index as HTML
  Rendering /usr/local/bundle/gems/railties-5.2.3/lib/rails/templates/rails/welcome/index.html.erb
  Rendered /usr/local/bundle/gems/railties-5.2.3/lib/rails/templates/rails/welcome/index.html.erb (3.5ms)
Completed 200 OK in 7ms (Views: 4.9ms | ActiveRecord: 0.0ms)


  [1m[36mActiveRecord::InternalMetadata Load (0.4ms)[0m  [1m[34mSELECT  "ar_internal_metadata".* FROM "ar_internal_metadata" WHERE "ar_internal_metadata"."key" = ? LIMIT ?[0m  [["key", "environment"], ["LIMIT", 1]]
  ↳ bin/rails:4
  [1m[35m (0.1ms)[0m  [1m[36mbegin transaction[0m
  ↳ bin/rails:4
  [1m[35m (0.1ms)[0m  [1m[36mcommit transaction[0m
  ↳ bin/rails:4
  [1m[35m (0.2ms)[0m  [1m[34mSELECT "schema_migrations"."version" FROM "schema_migrations" ORDER BY "schema_migrations"."version" ASC[0m
  ↳ bin/rails:4
Started GET "/" for 35.191.0.163 at 2019-11-27 21:55:44 +0000
Cannot render console from 35.191.0.163! Allowed networks: 127.0.0.1, ::1, 127.0.0.0/127.255.255.255
Processing by Rails::WelcomeController#index as HTML
  Rendering /usr/local/bundle/gems/railties-5.2.3/lib/rails/templates/rails/welcome/index.html.erb
  Rendered /usr/local/bundle/gems/railties-5.2.3/lib/rails/templates/rails/welcome/index.html.erb (4.2ms)
Completed 200 OK in 9ms (Views: 8.1ms | ActiveRecord: 0.0ms)


  [1m[36mActiveRecord::InternalMetadata Load (0.3ms)[0m  [1m[34mSELECT  "ar_internal_metadata".* FROM "ar_internal_metadata" WHERE "ar_internal_metadata"."key" = ? LIMIT ?[0m  [["key", "environment"], ["LIMIT", 1]]
  ↳ bin/rails:4
  [1m[35m (0.1ms)[0m  [1m[36mbegin transaction[0m
  ↳ bin/rails:4
  [1m[35m (0.1ms)[0m  [1m[36mcommit transaction[0m
  ↳ bin/rails:4
  [1m[35m (0.2ms)[0m  [1m[34mSELECT "schema_migrations"."version" FROM "schema_migrations" ORDER BY "schema_migrations"."version" ASC[0m
  ↳ bin/rails:4
Started GET "/" for 130.211.1.122 at 2019-11-27 22:10:14 +0000
Cannot render console from 130.211.1.122! Allowed networks: 127.0.0.1, ::1, 127.0.0.0/127.255.255.255
Processing by Rails::WelcomeController#index as HTML
  Rendering /usr/local/bundle/gems/railties-5.2.4/lib/rails/templates/rails/welcome/index.html.erb
  Rendered /usr/local/bundle/gems/railties-5.2.4/lib/rails/templates/rails/welcome/index.html.erb (4.7ms)
Completed 200 OK in 49ms (Views: 47.3ms | ActiveRecord: 0.0ms)


  [1m[36mActiveRecord::InternalMetadata Load (0.8ms)[0m  [1m[34mSELECT  "ar_internal_metadata".* FROM "ar_internal_metadata" WHERE "ar_internal_metadata"."key" = ? LIMIT ?[0m  [["key", "environment"], ["LIMIT", 1]]
  ↳ bin/rails:4
  [1m[35m (0.1ms)[0m  [1m[36mbegin transaction[0m
  ↳ bin/rails:4
  [1m[35m (0.1ms)[0m  [1m[36mcommit transaction[0m
  ↳ bin/rails:4
  [1m[35m (0.2ms)[0m  [1m[34mSELECT "schema_migrations"."version" FROM "schema_migrations" ORDER BY "schema_migrations"."version" ASC[0m
  ↳ bin/rails:4
Started GET "/" for 130.211.1.122 at 2019-11-27 22:10:44 +0000
Cannot render console from 130.211.1.122! Allowed networks: 127.0.0.1, ::1, 127.0.0.0/127.255.255.255
Processing by Rails::WelcomeController#index as HTML
  Rendering /usr/local/bundle/gems/railties-5.2.4/lib/rails/templates/rails/welcome/index.html.erb
  Rendered /usr/local/bundle/gems/railties-5.2.4/lib/rails/templates/rails/welcome/index.html.erb (3.3ms)
Completed 200 OK in 8ms (Views: 6.7ms | ActiveRecord: 0.0ms)


Started GET "/" for 130.211.1.122 at 2019-11-27 22:10:49 +0000
Cannot render console from 130.211.1.122! Allowed networks: 127.0.0.1, ::1, 127.0.0.0/127.255.255.255
Processing by Rails::WelcomeController#index as HTML
  Rendering /usr/local/bundle/gems/railties-5.2.4/lib/rails/templates/rails/welcome/index.html.erb
  Rendered /usr/local/bundle/gems/railties-5.2.4/lib/rails/templates/rails/welcome/index.html.erb (2.8ms)
Completed 200 OK in 5ms (Views: 4.2ms | ActiveRecord: 0.0ms)


Started GET "/" for 35.191.0.160 at 2019-11-27 22:10:52 +0000
Cannot render console from 35.191.0.160! Allowed networks: 127.0.0.1, ::1, 127.0.0.0/127.255.255.255
Processing by Rails::WelcomeController#index as HTML
  Rendering /usr/local/bundle/gems/railties-5.2.4/lib/rails/templates/rails/welcome/index.html.erb
  Rendered /usr/local/bundle/gems/railties-5.2.4/lib/rails/templates/rails/welcome/index.html.erb (3.1ms)
Completed 200 OK in 6ms (Views: 4.3ms | ActiveRecord: 0.0ms)


  [1m[36mActiveRecord::InternalMetadata Load (0.3ms)[0m  [1m[34mSELECT  "ar_internal_metadata".* FROM "ar_internal_metadata" WHERE "ar_internal_metadata"."key" = ? LIMIT ?[0m  [["key", "environment"], ["LIMIT", 1]]
  ↳ bin/rails:4
  [1m[35m (0.1ms)[0m  [1m[36mbegin transaction[0m
  ↳ bin/rails:4
  [1m[35m (0.1ms)[0m  [1m[36mcommit transaction[0m
  ↳ bin/rails:4
  [1m[35m (0.2ms)[0m  [1m[34mSELECT "schema_migrations"."version" FROM "schema_migrations" ORDER BY "schema_migrations"."version" ASC[0m
  ↳ bin/rails:4
Started GET "/" for 130.211.0.169 at 2019-11-27 22:27:25 +0000
Cannot render console from 130.211.0.169! Allowed networks: 127.0.0.1, ::1, 127.0.0.0/127.255.255.255
Processing by Rails::WelcomeController#index as HTML
  Rendering /usr/local/bundle/gems/railties-5.2.4/lib/rails/templates/rails/welcome/index.html.erb
  Rendered /usr/local/bundle/gems/railties-5.2.4/lib/rails/templates/rails/welcome/index.html.erb (4.5ms)
Completed 200 OK in 42ms (Views: 26.5ms | ActiveRecord: 0.0ms)


Started GET "/" for 130.211.0.169 at 2019-11-27 22:27:26 +0000
Cannot render console from 130.211.0.169! Allowed networks: 127.0.0.1, ::1, 127.0.0.0/127.255.255.255
Processing by Rails::WelcomeController#index as HTML
  Rendering /usr/local/bundle/gems/railties-5.2.4/lib/rails/templates/rails/welcome/index.html.erb
  Rendered /usr/local/bundle/gems/railties-5.2.4/lib/rails/templates/rails/welcome/index.html.erb (8.6ms)
Completed 200 OK in 16ms (Views: 14.2ms | ActiveRecord: 0.0ms)


Started GET "/" for 127.0.0.1 at 2019-11-28 12:04:03 -0300
Processing by Rails::WelcomeController#index as HTML
  Rendering /home/aperes/.rbenv/versions/2.6.4/lib/ruby/gems/2.6.0/gems/railties-5.2.4/lib/rails/templates/rails/welcome/index.html.erb
  Rendered /home/aperes/.rbenv/versions/2.6.4/lib/ruby/gems/2.6.0/gems/railties-5.2.4/lib/rails/templates/rails/welcome/index.html.erb (2.7ms)
Completed 200 OK in 14ms (Views: 7.6ms | ActiveRecord: 0.0ms)


Started GET "/users" for 127.0.0.1 at 2019-11-28 12:04:08 -0300
  
ActionController::RoutingError (No route matches [GET] "/users"):
  
actionpack (5.2.4) lib/action_dispatch/middleware/debug_exceptions.rb:65:in `call'
web-console (3.7.0) lib/web_console/middleware.rb:135:in `call_app'
web-console (3.7.0) lib/web_console/middleware.rb:30:in `block in call'
web-console (3.7.0) lib/web_console/middleware.rb:20:in `catch'
web-console (3.7.0) lib/web_console/middleware.rb:20:in `call'
actionpack (5.2.4) lib/action_dispatch/middleware/show_exceptions.rb:33:in `call'
railties (5.2.4) lib/rails/rack/logger.rb:38:in `call_app'
railties (5.2.4) lib/rails/rack/logger.rb:26:in `block in call'
activesupport (5.2.4) lib/active_support/tagged_logging.rb:71:in `block in tagged'
activesupport (5.2.4) lib/active_support/tagged_logging.rb:28:in `tagged'
activesupport (5.2.4) lib/active_support/tagged_logging.rb:71:in `tagged'
railties (5.2.4) lib/rails/rack/logger.rb:26:in `call'
actionpack (5.2.4) lib/action_dispatch/middleware/remote_ip.rb:81:in `call'
actionpack (5.2.4) lib/action_dispatch/middleware/request_id.rb:27:in `call'
rack (2.0.7) lib/rack/method_override.rb:22:in `call'
rack (2.0.7) lib/rack/runtime.rb:22:in `call'
activesupport (5.2.4) lib/active_support/cache/strategy/local_cache_middleware.rb:29:in `call'
actionpack (5.2.4) lib/action_dispatch/middleware/executor.rb:14:in `call'
actionpack (5.2.4) lib/action_dispatch/middleware/static.rb:127:in `call'
rack (2.0.7) lib/rack/sendfile.rb:111:in `call'
railties (5.2.4) lib/rails/engine.rb:524:in `call'
puma (3.12.1) lib/puma/configuration.rb:227:in `call'
puma (3.12.1) lib/puma/server.rb:660:in `handle_request'
puma (3.12.1) lib/puma/server.rb:474:in `process_client'
puma (3.12.1) lib/puma/server.rb:334:in `block in run'
puma (3.12.1) lib/puma/thread_pool.rb:135:in `block in spawn_thread'
Started GET "/" for 127.0.0.1 at 2019-11-28 12:30:40 -0300
  
ActionController::RoutingError (undefined method `root' for ApplicationController:Class):
  
app/controllers/application_controller.rb:2:in `<class:ApplicationController>'
app/controllers/application_controller.rb:1:in `<main>'
Started GET "/" for 127.0.0.1 at 2019-11-28 12:30:54 -0300
Processing by ApplicationController#hello as HTML
  Rendering html template
  Rendered html template (0.0ms)
Completed 200 OK in 6ms (Views: 5.6ms | ActiveRecord: 0.0ms)


Started GET "/" for 127.0.0.1 at 2019-11-28 12:30:56 -0300
Processing by ApplicationController#hello as HTML
  Rendering html template
  Rendered html template (0.0ms)
Completed 200 OK in 0ms (Views: 0.3ms | ActiveRecord: 0.0ms)


Started GET "/" for 127.0.0.1 at 2019-11-28 12:48:31 -0300
Processing by ApplicationController#hello as HTML
  Rendering html template
  Rendered html template (0.0ms)
Completed 200 OK in 7ms (Views: 1.7ms | ActiveRecord: 0.0ms)


Started GET "/" for 127.0.0.1 at 2019-11-28 12:50:38 -0300
Processing by ApplicationController#hello as HTML
  Rendering html template
  Rendered html template (0.0ms)
Completed 200 OK in 7ms (Views: 1.4ms | ActiveRecord: 0.0ms)


Started GET "/" for 127.0.0.1 at 2019-11-28 12:51:06 -0300
Processing by ApplicationController#hello as HTML
  Rendering html template
  Rendered html template (0.0ms)
Completed 200 OK in 1ms (Views: 0.6ms | ActiveRecord: 0.0ms)


  [1m[35m (0.1ms)[0m  [1m[34mSELECT "schema_migrations"."version" FROM "schema_migrations" ORDER BY "schema_migrations"."version" ASC[0m
  ↳ bin/rails:4
Migrating to CreateUsers (20191128163708)
  [1m[35m (0.1ms)[0m  [1m[36mbegin transaction[0m
  ↳ bin/rails:4
  [1m[35m (0.1ms)[0m  [1m[34mSELECT sqlite_version(*)[0m
  ↳ db/migrate/20191128163708_create_users.rb:3
  [1m[35m (0.4ms)[0m  [1m[35mCREATE TABLE "users" ("id" integer PRIMARY KEY AUTOINCREMENT NOT NULL, "name" varchar, "email" varchar, "created_at" datetime NOT NULL, "updated_at" datetime NOT NULL)[0m
  ↳ db/migrate/20191128163708_create_users.rb:3
  [1m[36mActiveRecord::SchemaMigration Create (0.2ms)[0m  [1m[32mINSERT INTO "schema_migrations" ("version") VALUES (?)[0m  [["version", "20191128163708"]]
  ↳ bin/rails:4
  [1m[35m (25.7ms)[0m  [1m[36mcommit transaction[0m
  ↳ bin/rails:4
  [1m[36mActiveRecord::InternalMetadata Load (0.2ms)[0m  [1m[34mSELECT  "ar_internal_metadata".* FROM "ar_internal_metadata" WHERE "ar_internal_metadata"."key" = ? LIMIT ?[0m  [["key", "environment"], ["LIMIT", 1]]
  ↳ bin/rails:4
  [1m[35m (0.1ms)[0m  [1m[36mbegin transaction[0m
  ↳ bin/rails:4
  [1m[35m (0.0ms)[0m  [1m[36mcommit transaction[0m
  ↳ bin/rails:4
  [1m[35m (0.1ms)[0m  [1m[34mSELECT "schema_migrations"."version" FROM "schema_migrations" ORDER BY "schema_migrations"."version" ASC[0m
  ↳ bin/rails:4
Started GET "/" for 127.0.0.1 at 2019-11-28 13:37:32 -0300
  [1m[35m (0.1ms)[0m  [1m[34mSELECT "schema_migrations"."version" FROM "schema_migrations" ORDER BY "schema_migrations"."version" ASC[0m
  ↳ /home/aperes/.rbenv/versions/2.6.4/lib/ruby/gems/2.6.0/gems/activerecord-5.2.4/lib/active_record/log_subscriber.rb:98
Processing by ApplicationController#hello as HTML
  Rendering html template
  Rendered html template (0.0ms)
Completed 200 OK in 6ms (Views: 1.4ms | ActiveRecord: 0.0ms)


Started GET "/" for 127.0.0.1 at 2019-11-28 13:37:33 -0300
Processing by ApplicationController#hello as HTML
  Rendering html template
  Rendered html template (0.0ms)
Completed 200 OK in 1ms (Views: 0.5ms | ActiveRecord: 0.0ms)


Started GET "/users" for 127.0.0.1 at 2019-11-28 13:37:36 -0300
Processing by UsersController#index as HTML
  Rendering users/index.html.erb within layouts/application
  [1m[36mUser Load (0.2ms)[0m  [1m[34mSELECT "users".* FROM "users"[0m
  ↳ app/views/users/index.html.erb:15
  Rendered users/index.html.erb within layouts/application (2.5ms)
Completed 200 OK in 361ms (Views: 358.2ms | ActiveRecord: 0.4ms)


Started GET "/assets/application-7aff8d9fe9e7e3698beb3ac7430f3a121d5e671091b9420722e825c05c614ad2.css" for 127.0.0.1 at 2019-11-28 13:37:37 -0300
Started GET "/assets/application-1dd742c5d2e2c53cacf259effb34c62043de5f1001b6cbafdedc58504485e0f7.js" for 127.0.0.1 at 2019-11-28 13:37:37 -0300
Started GET "/users/new" for 127.0.0.1 at 2019-11-28 13:37:38 -0300
Processing by UsersController#new as HTML
  Rendering users/new.html.erb within layouts/application
  Rendered users/_form.html.erb (28.3ms)
  Rendered users/new.html.erb within layouts/application (29.6ms)
Completed 200 OK in 41ms (Views: 35.0ms | ActiveRecord: 0.4ms)


Started POST "/users" for 127.0.0.1 at 2019-11-28 13:37:43 -0300
Processing by UsersController#create as HTML
  Parameters: {"utf8"=>"✓", "authenticity_token"=>"P8eJdE8Lb68spx79Z3ZxRA3aXsbp7+D40Xt2AjblRiRdyTSRrACTmCiHf4VW0vMkcgrwkwdAfvmLcqjm7YFa+g==", "user"=>{"name"=>"Alisson Peres", "email"=>"contato@alissonperes.com"}, "commit"=>"Create User"}
  [1m[35m (0.1ms)[0m  [1m[36mbegin transaction[0m
  ↳ app/controllers/users_controller.rb:30
  [1m[36mUser Create (0.3ms)[0m  [1m[32mINSERT INTO "users" ("name", "email", "created_at", "updated_at") VALUES (?, ?, ?, ?)[0m  [["name", "Alisson Peres"], ["email", "contato@alissonperes.com"], ["created_at", "2019-11-28 16:37:43.082591"], ["updated_at", "2019-11-28 16:37:43.082591"]]
  ↳ app/controllers/users_controller.rb:30
  [1m[35m (14.8ms)[0m  [1m[36mcommit transaction[0m
  ↳ app/controllers/users_controller.rb:30
Redirected to http://localhost:3000/users/1
Completed 302 Found in 19ms (ActiveRecord: 15.1ms)


Started GET "/users/1" for 127.0.0.1 at 2019-11-28 13:37:43 -0300
Processing by UsersController#show as HTML
  Parameters: {"id"=>"1"}
  [1m[36mUser Load (0.2ms)[0m  [1m[34mSELECT  "users".* FROM "users" WHERE "users"."id" = ? LIMIT ?[0m  [["id", 1], ["LIMIT", 1]]
  ↳ app/controllers/users_controller.rb:67
  Rendering users/show.html.erb within layouts/application
  Rendered users/show.html.erb within layouts/application (0.6ms)
Completed 200 OK in 7ms (Views: 5.1ms | ActiveRecord: 0.2ms)


Started GET "/users" for 127.0.0.1 at 2019-11-28 13:37:44 -0300
Processing by UsersController#index as HTML
  Rendering users/index.html.erb within layouts/application
  [1m[36mUser Load (0.1ms)[0m  [1m[34mSELECT "users".* FROM "users"[0m
  ↳ app/views/users/index.html.erb:15
  Rendered users/index.html.erb within layouts/application (1.4ms)
Completed 200 OK in 6ms (Views: 5.2ms | ActiveRecord: 0.1ms)


Started GET "/users" for 127.0.0.1 at 2019-11-28 13:38:54 -0300
Processing by UsersController#index as HTML
  Rendering users/index.html.erb within layouts/application
  [1m[36mUser Load (0.2ms)[0m  [1m[34mSELECT "users".* FROM "users"[0m
  ↳ app/views/users/index.html.erb:15
  Rendered users/index.html.erb within layouts/application (7.2ms)
Completed 200 OK in 15ms (Views: 12.5ms | ActiveRecord: 0.7ms)


Started GET "/assets/application-7aff8d9fe9e7e3698beb3ac7430f3a121d5e671091b9420722e825c05c614ad2.css" for 127.0.0.1 at 2019-11-28 13:38:54 -0300
Started GET "/assets/application-1dd742c5d2e2c53cacf259effb34c62043de5f1001b6cbafdedc58504485e0f7.js" for 127.0.0.1 at 2019-11-28 13:38:54 -0300
Started GET "/" for 127.0.0.1 at 2019-11-28 13:38:56 -0300
Processing by UsersController#index as HTML
  Rendering users/index.html.erb within layouts/application
  [1m[36mUser Load (0.2ms)[0m  [1m[34mSELECT "users".* FROM "users"[0m
  ↳ app/views/users/index.html.erb:15
  Rendered users/index.html.erb within layouts/application (2.1ms)
Completed 200 OK in 8ms (Views: 6.7ms | ActiveRecord: 0.2ms)


Started GET "/" for 127.0.0.1 at 2019-11-28 13:38:57 -0300
Processing by UsersController#index as HTML
  Rendering users/index.html.erb within layouts/application
  [1m[36mUser Load (0.1ms)[0m  [1m[34mSELECT "users".* FROM "users"[0m
  ↳ app/views/users/index.html.erb:15
  Rendered users/index.html.erb within layouts/application (1.4ms)
Completed 200 OK in 7ms (Views: 5.9ms | ActiveRecord: 0.1ms)


Started GET "/assets/application-7aff8d9fe9e7e3698beb3ac7430f3a121d5e671091b9420722e825c05c614ad2.css" for 127.0.0.1 at 2019-11-28 13:38:57 -0300
Started GET "/assets/application-1dd742c5d2e2c53cacf259effb34c62043de5f1001b6cbafdedc58504485e0f7.js" for 127.0.0.1 at 2019-11-28 13:38:57 -0300
  [1m[35m (0.3ms)[0m  [1m[34mSELECT "schema_migrations"."version" FROM "schema_migrations" ORDER BY "schema_migrations"."version" ASC[0m
  ↳ bin/rails:4
Migrating to CreateMicroposts (20191128164028)
  [1m[35m (0.1ms)[0m  [1m[36mbegin transaction[0m
  ↳ bin/rails:4
  [1m[35m (0.1ms)[0m  [1m[34mSELECT sqlite_version(*)[0m
  ↳ db/migrate/20191128164028_create_microposts.rb:3
  [1m[35m (0.2ms)[0m  [1m[35mCREATE TABLE "microposts" ("id" integer PRIMARY KEY AUTOINCREMENT NOT NULL, "content" text, "user_id" integer, "created_at" datetime NOT NULL, "updated_at" datetime NOT NULL)[0m
  ↳ db/migrate/20191128164028_create_microposts.rb:3
  [1m[36mActiveRecord::SchemaMigration Create (0.2ms)[0m  [1m[32mINSERT INTO "schema_migrations" ("version") VALUES (?)[0m  [["version", "20191128164028"]]
  ↳ bin/rails:4
  [1m[35m (53.4ms)[0m  [1m[36mcommit transaction[0m
  ↳ bin/rails:4
  [1m[36mActiveRecord::InternalMetadata Load (0.2ms)[0m  [1m[34mSELECT  "ar_internal_metadata".* FROM "ar_internal_metadata" WHERE "ar_internal_metadata"."key" = ? LIMIT ?[0m  [["key", "environment"], ["LIMIT", 1]]
  ↳ bin/rails:4
  [1m[35m (0.1ms)[0m  [1m[36mbegin transaction[0m
  ↳ bin/rails:4
  [1m[35m (0.0ms)[0m  [1m[36mcommit transaction[0m
  ↳ bin/rails:4
  [1m[35m (0.1ms)[0m  [1m[34mSELECT "schema_migrations"."version" FROM "schema_migrations" ORDER BY "schema_migrations"."version" ASC[0m
  ↳ bin/rails:4
Started GET "/" for 127.0.0.1 at 2019-11-28 13:43:26 -0300
  [1m[35m (0.1ms)[0m  [1m[34mSELECT "schema_migrations"."version" FROM "schema_migrations" ORDER BY "schema_migrations"."version" ASC[0m
  ↳ /home/aperes/.rbenv/versions/2.6.4/lib/ruby/gems/2.6.0/gems/activerecord-5.2.4/lib/active_record/log_subscriber.rb:98
Processing by UsersController#index as HTML
  Rendering users/index.html.erb within layouts/application
  [1m[36mUser Load (0.1ms)[0m  [1m[34mSELECT "users".* FROM "users"[0m
  ↳ app/views/users/index.html.erb:15
  Rendered users/index.html.erb within layouts/application (7.0ms)
Completed 200 OK in 264ms (Views: 255.9ms | ActiveRecord: 0.8ms)


Started GET "/assets/application-969b296781e14bd543255bb00f8097ba345bc2f1f5154ba328c9a2da75591c06.js" for 127.0.0.1 at 2019-11-28 13:43:27 -0300
Started GET "/assets/application-7aff8d9fe9e7e3698beb3ac7430f3a121d5e671091b9420722e825c05c614ad2.css" for 127.0.0.1 at 2019-11-28 13:43:27 -0300
Started GET "/microposts" for 127.0.0.1 at 2019-11-28 13:43:31 -0300
Processing by MicropostsController#index as HTML
  Rendering microposts/index.html.erb within layouts/application
  [1m[36mMicropost Load (0.2ms)[0m  [1m[34mSELECT "microposts".* FROM "microposts"[0m
  ↳ app/views/microposts/index.html.erb:15
  Rendered microposts/index.html.erb within layouts/application (2.1ms)
Completed 200 OK in 9ms (Views: 6.9ms | ActiveRecord: 0.4ms)


  [1m[36mUser Load (0.1ms)[0m  [1m[34mSELECT  "users".* FROM "users" ORDER BY "users"."id" ASC LIMIT ?[0m  [["LIMIT", 1]]
Started GET "/microposts" for 127.0.0.1 at 2019-11-28 13:51:12 -0300
  [1m[35m (0.1ms)[0m  [1m[34mSELECT "schema_migrations"."version" FROM "schema_migrations" ORDER BY "schema_migrations"."version" ASC[0m
  ↳ /home/aperes/.rbenv/versions/2.6.4/lib/ruby/gems/2.6.0/gems/activerecord-5.2.4/lib/active_record/log_subscriber.rb:98
Processing by MicropostsController#index as HTML
Completed 500 Internal Server Error in 11ms (ActiveRecord: 0.0ms)


  
ArgumentError (Range unspecified. Specify the :in, :within, :maximum, :minimum, or :is option.):
  
app/models/micropost.rb:3:in `<class:Micropost>'
app/models/micropost.rb:1:in `<main>'
app/controllers/microposts_controller.rb:7:in `index'
Started GET "/microposts" for 127.0.0.1 at 2019-11-28 13:52:30 -0300
Processing by MicropostsController#index as HTML
  Rendering microposts/index.html.erb within layouts/application
  [1m[36mMicropost Load (0.2ms)[0m  [1m[34mSELECT "microposts".* FROM "microposts"[0m
  ↳ app/views/microposts/index.html.erb:15
  Rendered microposts/index.html.erb within layouts/application (2.3ms)
Completed 200 OK in 202ms (Views: 199.5ms | ActiveRecord: 0.4ms)


Started GET "/assets/application-7aff8d9fe9e7e3698beb3ac7430f3a121d5e671091b9420722e825c05c614ad2.css" for 127.0.0.1 at 2019-11-28 13:52:30 -0300
Started GET "/assets/application-969b296781e14bd543255bb00f8097ba345bc2f1f5154ba328c9a2da75591c06.js" for 127.0.0.1 at 2019-11-28 13:52:30 -0300
Started GET "/microposts/new" for 127.0.0.1 at 2019-11-28 13:52:33 -0300
Processing by MicropostsController#new as HTML
  Rendering microposts/new.html.erb within layouts/application
  Rendered microposts/_form.html.erb (7.5ms)
  Rendered microposts/new.html.erb within layouts/application (8.5ms)
Completed 200 OK in 19ms (Views: 13.3ms | ActiveRecord: 0.3ms)


Started POST "/microposts" for 127.0.0.1 at 2019-11-28 13:52:48 -0300
Processing by MicropostsController#create as HTML
  Parameters: {"utf8"=>"✓", "authenticity_token"=>"k+KCHBI6CpMTgkNFOlq5JFYjJh7haGNaQr27shPV7/vx7D/58TH2pBeiIj0L/jtEKfOISw/H/VsYtGVWyLHzJQ==", "micropost"=>{"content"=>"My first post", "user_id"=>"1"}, "commit"=>"Create Micropost"}
  [1m[35m (0.0ms)[0m  [1m[36mbegin transaction[0m
  ↳ app/controllers/microposts_controller.rb:30
  [1m[36mUser Load (0.1ms)[0m  [1m[34mSELECT  "users".* FROM "users" WHERE "users"."id" = ? LIMIT ?[0m  [["id", 1], ["LIMIT", 1]]
  ↳ app/controllers/microposts_controller.rb:30
  [1m[36mMicropost Create (0.3ms)[0m  [1m[32mINSERT INTO "microposts" ("content", "user_id", "created_at", "updated_at") VALUES (?, ?, ?, ?)[0m  [["content", "My first post"], ["user_id", 1], ["created_at", "2019-11-28 16:52:48.393311"], ["updated_at", "2019-11-28 16:52:48.393311"]]
  ↳ app/controllers/microposts_controller.rb:30
  [1m[35m (7.8ms)[0m  [1m[36mcommit transaction[0m
  ↳ app/controllers/microposts_controller.rb:30
Redirected to http://localhost:3000/microposts/1
Completed 302 Found in 33ms (ActiveRecord: 8.8ms)


Started GET "/microposts/1" for 127.0.0.1 at 2019-11-28 13:52:48 -0300
Processing by MicropostsController#show as HTML
  Parameters: {"id"=>"1"}
  [1m[36mMicropost Load (0.2ms)[0m  [1m[34mSELECT  "microposts".* FROM "microposts" WHERE "microposts"."id" = ? LIMIT ?[0m  [["id", 1], ["LIMIT", 1]]
  ↳ app/controllers/microposts_controller.rb:67
  Rendering microposts/show.html.erb within layouts/application
  Rendered microposts/show.html.erb within layouts/application (0.6ms)
Completed 200 OK in 7ms (Views: 5.2ms | ActiveRecord: 0.2ms)


  [1m[36mUser Load (0.1ms)[0m  [1m[34mSELECT  "users".* FROM "users" ORDER BY "users"."id" ASC LIMIT ?[0m  [["LIMIT", 1]]
  [1m[36mMicropost Load (0.1ms)[0m  [1m[34mSELECT  "microposts".* FROM "microposts" WHERE "microposts"."user_id" = ? LIMIT ?[0m  [["user_id", 1], ["LIMIT", 11]]
  [1m[36mMicropost Load (0.2ms)[0m  [1m[34mSELECT  "microposts".* FROM "microposts" WHERE "microposts"."user_id" = ? ORDER BY "microposts"."id" ASC LIMIT ?[0m  [["user_id", 1], ["LIMIT", 1]]
Started GET "/microposts/1" for 127.0.0.1 at 2019-11-28 13:57:41 -0300
  [1m[35m (0.1ms)[0m  [1m[34mSELECT "schema_migrations"."version" FROM "schema_migrations" ORDER BY "schema_migrations"."version" ASC[0m
  ↳ /home/aperes/.rbenv/versions/2.6.4/lib/ruby/gems/2.6.0/gems/activerecord-5.2.4/lib/active_record/log_subscriber.rb:98
Processing by MicropostsController#show as HTML
  Parameters: {"id"=>"1"}
  [1m[36mMicropost Load (0.2ms)[0m  [1m[34mSELECT  "microposts".* FROM "microposts" WHERE "microposts"."id" = ? LIMIT ?[0m  [["id", 1], ["LIMIT", 1]]
  ↳ app/controllers/microposts_controller.rb:67
  Rendering microposts/show.html.erb within layouts/application
  Rendered microposts/show.html.erb within layouts/application (1.1ms)
Completed 200 OK in 235ms (Views: 218.0ms | ActiveRecord: 0.8ms)


Started GET "/assets/application-7aff8d9fe9e7e3698beb3ac7430f3a121d5e671091b9420722e825c05c614ad2.css" for 127.0.0.1 at 2019-11-28 13:57:41 -0300
Started GET "/assets/application-969b296781e14bd543255bb00f8097ba345bc2f1f5154ba328c9a2da75591c06.js" for 127.0.0.1 at 2019-11-28 13:57:41 -0300
Started GET "/" for 127.0.0.1 at 2019-11-28 13:57:45 -0300
Processing by UsersController#index as HTML
  Rendering users/index.html.erb within layouts/application
  [1m[36mUser Load (0.1ms)[0m  [1m[34mSELECT "users".* FROM "users"[0m
  ↳ app/views/users/index.html.erb:15
  Rendered users/index.html.erb within layouts/application (7.0ms)
Completed 200 OK in 15ms (Views: 11.6ms | ActiveRecord: 0.6ms)


Started GET "/users/new" for 127.0.0.1 at 2019-11-28 13:57:46 -0300
Processing by UsersController#new as HTML
  Rendering users/new.html.erb within layouts/application
  Rendered users/_form.html.erb (5.4ms)
  Rendered users/new.html.erb within layouts/application (6.5ms)
Completed 200 OK in 13ms (Views: 12.2ms | ActiveRecord: 0.0ms)


Started POST "/users" for 127.0.0.1 at 2019-11-28 13:57:47 -0300
Processing by UsersController#create as HTML
  Parameters: {"utf8"=>"✓", "authenticity_token"=>"TRWnYsvLme7sikwhpBL+gs9Ls4cWOWkPOOtuz1EG924vGxqHKMBl2eiqLVmVtnzisJsd0viW9w5i4rArimLrsA==", "user"=>{"name"=>"", "email"=>""}, "commit"=>"Create User"}
  [1m[35m (0.1ms)[0m  [1m[36mbegin transaction[0m
  ↳ app/controllers/users_controller.rb:30
  [1m[35m (0.1ms)[0m  [1m[31mrollback transaction[0m
  ↳ app/controllers/users_controller.rb:30
  Rendering users/new.html.erb within layouts/application
  Rendered users/_form.html.erb (2.3ms)
  Rendered users/new.html.erb within layouts/application (3.2ms)
Completed 200 OK in 13ms (Views: 9.8ms | ActiveRecord: 0.1ms)


Started POST "/users" for 127.0.0.1 at 2019-11-28 13:59:57 -0300
Processing by UsersController#create as HTML
  Parameters: {"utf8"=>"✓", "authenticity_token"=>"TRWnYsvLme7sikwhpBL+gs9Ls4cWOWkPOOtuz1EG924vGxqHKMBl2eiqLVmVtnzisJsd0viW9w5i4rArimLrsA==", "user"=>{"name"=>"", "email"=>""}, "commit"=>"Create User"}
Completed 500 Internal Server Error in 5ms (ActiveRecord: 0.0ms)


  
ArgumentError (Unknown validator: 'EmailValidator'):
  
app/models/user.rb:4:in `<class:User>'
app/models/user.rb:1:in `<main>'
app/controllers/users_controller.rb:27:in `create'
Started POST "/users" for 127.0.0.1 at 2019-11-28 14:00:53 -0300
Processing by UsersController#create as HTML
  Parameters: {"utf8"=>"✓", "authenticity_token"=>"TRWnYsvLme7sikwhpBL+gs9Ls4cWOWkPOOtuz1EG924vGxqHKMBl2eiqLVmVtnzisJsd0viW9w5i4rArimLrsA==", "user"=>{"name"=>"", "email"=>""}, "commit"=>"Create User"}
  [1m[35m (0.1ms)[0m  [1m[36mbegin transaction[0m
  ↳ app/controllers/users_controller.rb:30
  [1m[35m (0.1ms)[0m  [1m[31mrollback transaction[0m
  ↳ app/controllers/users_controller.rb:30
  Rendering users/new.html.erb within layouts/application
  Rendered users/_form.html.erb (2.7ms)
  Rendered users/new.html.erb within layouts/application (5.2ms)
Completed 200 OK in 24ms (Views: 11.3ms | ActiveRecord: 0.9ms)


Started GET "/assets/application-7aff8d9fe9e7e3698beb3ac7430f3a121d5e671091b9420722e825c05c614ad2.css" for 127.0.0.1 at 2019-11-28 14:00:53 -0300
Started GET "/assets/application-969b296781e14bd543255bb00f8097ba345bc2f1f5154ba328c9a2da75591c06.js" for 127.0.0.1 at 2019-11-28 14:00:53 -0300
Started POST "/users" for 127.0.0.1 at 2019-11-28 14:00:55 -0300
Processing by UsersController#create as HTML
  Parameters: {"utf8"=>"✓", "authenticity_token"=>"iB22nxHhV3Dy53OivYXJXaLNukS89aBCciQ7xoFo3h/qEwt68uqrR/bHEtqMIUs93R0UEVJaPkMoLeUiWgzCwQ==", "user"=>{"name"=>"", "email"=>""}, "commit"=>"Create User"}
  [1m[35m (0.1ms)[0m  [1m[36mbegin transaction[0m
  ↳ app/controllers/users_controller.rb:30
  [1m[35m (0.0ms)[0m  [1m[31mrollback transaction[0m
  ↳ app/controllers/users_controller.rb:30
  Rendering users/new.html.erb within layouts/application
  Rendered users/_form.html.erb (2.5ms)
  Rendered users/new.html.erb within layouts/application (3.8ms)
Completed 200 OK in 13ms (Views: 9.3ms | ActiveRecord: 0.1ms)


Started POST "/users" for 127.0.0.1 at 2019-11-28 14:00:57 -0300
Processing by UsersController#create as HTML
  Parameters: {"utf8"=>"✓", "authenticity_token"=>"ywthE2gvQLnpr2PdTD4BD+URZ0/nHP3oTX6xsL/jqtipBdz2iyS8ju2PAqV9moNvmsHJGgmzY+kXd29UZIe2Bg==", "user"=>{"name"=>"", "email"=>"asdf"}, "commit"=>"Create User"}
  [1m[35m (0.1ms)[0m  [1m[36mbegin transaction[0m
  ↳ app/controllers/users_controller.rb:30
  [1m[35m (0.1ms)[0m  [1m[31mrollback transaction[0m
  ↳ app/controllers/users_controller.rb:30
  Rendering users/new.html.erb within layouts/application
  Rendered users/_form.html.erb (2.2ms)
  Rendered users/new.html.erb within layouts/application (4.4ms)
Completed 200 OK in 14ms (Views: 9.8ms | ActiveRecord: 0.1ms)


Started POST "/users" for 127.0.0.1 at 2019-11-28 14:00:59 -0300
Processing by UsersController#create as HTML
  Parameters: {"utf8"=>"✓", "authenticity_token"=>"iSHPfd6iRJ5H230iYCekHDpOCLP2kPKJWav4MC853/DrL3KYPam4qUP7HFpRgyZ8RZ6m5hg/bIgDoibU9F3DLg==", "user"=>{"name"=>"asdf", "email"=>"asdf"}, "commit"=>"Create User"}
  [1m[35m (0.1ms)[0m  [1m[36mbegin transaction[0m
  ↳ app/controllers/users_controller.rb:30
  [1m[35m (0.0ms)[0m  [1m[31mrollback transaction[0m
  ↳ app/controllers/users_controller.rb:30
  Rendering users/new.html.erb within layouts/application
  Rendered users/_form.html.erb (2.0ms)
  Rendered users/new.html.erb within layouts/application (2.9ms)
Completed 200 OK in 10ms (Views: 7.9ms | ActiveRecord: 0.1ms)


Started POST "/users" for 127.0.0.1 at 2019-11-28 14:01:01 -0300
Processing by UsersController#create as HTML
  Parameters: {"utf8"=>"✓", "authenticity_token"=>"J8TDKE6/OjjHW5mXnYzKFN3+zneJnSbHBtIx+Je+38RFyn7NrbTGD8N7+O+sKEh0oi5gImcyuMZc2+8cTNrDGg==", "user"=>{"name"=>"asdf", "email"=>"asdfsad"}, "commit"=>"Create User"}
  [1m[35m (0.1ms)[0m  [1m[36mbegin transaction[0m
  ↳ app/controllers/users_controller.rb:30
  [1m[35m (0.1ms)[0m  [1m[31mrollback transaction[0m
  ↳ app/controllers/users_controller.rb:30
  Rendering users/new.html.erb within layouts/application
  Rendered users/_form.html.erb (2.1ms)
  Rendered users/new.html.erb within layouts/application (3.1ms)
Completed 200 OK in 11ms (Views: 8.8ms | ActiveRecord: 0.1ms)


Started GET "/users" for 127.0.0.1 at 2019-11-28 14:01:03 -0300
Processing by UsersController#index as HTML
  Rendering users/index.html.erb within layouts/application
  [1m[36mUser Load (0.2ms)[0m  [1m[34mSELECT "users".* FROM "users"[0m
  ↳ app/views/users/index.html.erb:15
  Rendered users/index.html.erb within layouts/application (1.7ms)
Completed 200 OK in 7ms (Views: 5.7ms | ActiveRecord: 0.2ms)


Started GET "/microposts" for 127.0.0.1 at 2019-11-28 14:01:11 -0300
Processing by MicropostsController#index as HTML
  Rendering microposts/index.html.erb within layouts/application
  [1m[36mMicropost Load (0.1ms)[0m  [1m[34mSELECT "microposts".* FROM "microposts"[0m
  ↳ app/views/microposts/index.html.erb:15
  Rendered microposts/index.html.erb within layouts/application (6.4ms)
Completed 200 OK in 13ms (Views: 10.4ms | ActiveRecord: 0.5ms)


Started GET "/microposts" for 127.0.0.1 at 2019-11-28 14:04:46 -0300
Processing by MicropostsController#index as HTML
  Rendering microposts/index.html.erb within layouts/application
  [1m[36mMicropost Load (0.1ms)[0m  [1m[34mSELECT "microposts".* FROM "microposts"[0m
  ↳ app/views/microposts/index.html.erb:16
  [1m[36mUser Load (0.2ms)[0m  [1m[34mSELECT  "users".* FROM "users" WHERE "users"."id" = ? LIMIT ?[0m  [["id", 1], ["LIMIT", 1]]
  ↳ app/views/microposts/index.html.erb:19
  Rendered microposts/index.html.erb within layouts/application (11.7ms)
Completed 200 OK in 17ms (Views: 15.5ms | ActiveRecord: 0.3ms)


Started GET "/assets/application-969b296781e14bd543255bb00f8097ba345bc2f1f5154ba328c9a2da75591c06.js" for 127.0.0.1 at 2019-11-28 14:04:46 -0300
Started GET "/assets/application-7aff8d9fe9e7e3698beb3ac7430f3a121d5e671091b9420722e825c05c614ad2.css" for 127.0.0.1 at 2019-11-28 14:04:46 -0300
Started GET "/microposts" for 127.0.0.1 at 2019-11-28 14:05:15 -0300
Processing by MicropostsController#index as HTML
  Rendering microposts/index.html.erb within layouts/application
  [1m[36mMicropost Load (0.1ms)[0m  [1m[34mSELECT "microposts".* FROM "microposts"[0m
  ↳ app/views/microposts/index.html.erb:16
  [1m[36mUser Load (0.1ms)[0m  [1m[34mSELECT  "users".* FROM "users" WHERE "users"."id" = ? LIMIT ?[0m  [["id", 1], ["LIMIT", 1]]
  ↳ app/views/microposts/index.html.erb:19
  Rendered microposts/index.html.erb within layouts/application (2.2ms)
Completed 200 OK in 8ms (Views: 6.9ms | ActiveRecord: 0.2ms)


Started GET "/assets/application-969b296781e14bd543255bb00f8097ba345bc2f1f5154ba328c9a2da75591c06.js" for 127.0.0.1 at 2019-11-28 14:05:15 -0300
Started GET "/assets/application-7aff8d9fe9e7e3698beb3ac7430f3a121d5e671091b9420722e825c05c614ad2.css" for 127.0.0.1 at 2019-11-28 14:05:15 -0300
Started GET "/microposts" for 127.0.0.1 at 2019-11-28 14:06:08 -0300
Processing by MicropostsController#index as HTML
  Rendering microposts/index.html.erb within layouts/application
  [1m[36mMicropost Load (0.1ms)[0m  [1m[34mSELECT "microposts".* FROM "microposts"[0m
  ↳ app/views/microposts/index.html.erb:17
  [1m[36mUser Load (0.1ms)[0m  [1m[34mSELECT  "users".* FROM "users" WHERE "users"."id" = ? LIMIT ?[0m  [["id", 1], ["LIMIT", 1]]
  ↳ app/views/microposts/index.html.erb:20
  Rendered microposts/index.html.erb within layouts/application (9.5ms)
Completed 200 OK in 15ms (Views: 14.1ms | ActiveRecord: 0.2ms)


Started GET "/assets/application-969b296781e14bd543255bb00f8097ba345bc2f1f5154ba328c9a2da75591c06.js" for 127.0.0.1 at 2019-11-28 14:06:08 -0300
Started GET "/assets/application-7aff8d9fe9e7e3698beb3ac7430f3a121d5e671091b9420722e825c05c614ad2.css" for 127.0.0.1 at 2019-11-28 14:06:08 -0300
  [1m[36mUser Load (0.2ms)[0m  [1m[34mSELECT  "users".* FROM "users" ORDER BY "users"."id" ASC LIMIT ?[0m  [["LIMIT", 1]]
  [1m[36mMicropost Load (0.2ms)[0m  [1m[34mSELECT  "microposts".* FROM "microposts" WHERE "microposts"."user_id" = ? ORDER BY "microposts"."id" ASC LIMIT ?[0m  [["user_id", 1], ["LIMIT", 1]]
  [1m[36mMicropost Load (0.2ms)[0m  [1m[34mSELECT  "microposts".* FROM "microposts" WHERE "microposts"."user_id" = ? ORDER BY "microposts"."id" DESC LIMIT ?[0m  [["user_id", 1], ["LIMIT", 1]]
Started GET "/microposts" for 127.0.0.1 at 2019-11-28 14:08:57 -0300
  [1m[35m (0.1ms)[0m  [1m[34mSELECT "schema_migrations"."version" FROM "schema_migrations" ORDER BY "schema_migrations"."version" ASC[0m
  ↳ /home/aperes/.rbenv/versions/2.6.4/lib/ruby/gems/2.6.0/gems/activerecord-5.2.4/lib/active_record/log_subscriber.rb:98
Processing by MicropostsController#index as HTML
  Rendering microposts/index.html.erb within layouts/application
  [1m[36mMicropost Load (0.2ms)[0m  [1m[34mSELECT "microposts".* FROM "microposts"[0m
  ↳ app/views/microposts/index.html.erb:17
  [1m[36mUser Load (0.2ms)[0m  [1m[34mSELECT  "users".* FROM "users" WHERE "users"."id" = ? LIMIT ?[0m  [["id", 1], ["LIMIT", 1]]
  ↳ app/views/microposts/index.html.erb:20
  Rendered microposts/index.html.erb within layouts/application (19.0ms)
Completed 200 OK in 234ms (Views: 224.3ms | ActiveRecord: 1.4ms)


Started GET "/assets/application-969b296781e14bd543255bb00f8097ba345bc2f1f5154ba328c9a2da75591c06.js" for 127.0.0.1 at 2019-11-28 14:08:57 -0300
Started GET "/assets/application-7aff8d9fe9e7e3698beb3ac7430f3a121d5e671091b9420722e825c05c614ad2.css" for 127.0.0.1 at 2019-11-28 14:08:57 -0300
Started GET "/" for 127.0.0.1 at 2019-11-28 14:09:00 -0300
Processing by UsersController#index as HTML
  Rendering users/index.html.erb within layouts/application
  [1m[36mUser Load (0.2ms)[0m  [1m[34mSELECT "users".* FROM "users"[0m
  ↳ app/views/users/index.html.erb:16
  [1m[36mMicropost Load (0.2ms)[0m  [1m[34mSELECT  "microposts".* FROM "microposts" WHERE "microposts"."user_id" = ? ORDER BY "microposts"."id" ASC LIMIT ?[0m  [["user_id", 1], ["LIMIT", 1]]
  ↳ app/views/users/index.html.erb:20
  Rendered users/index.html.erb within layouts/application (4.8ms)
Completed 200 OK in 11ms (Views: 9.1ms | ActiveRecord: 0.3ms)


Started GET "/" for 127.0.0.1 at 2019-11-28 14:09:40 -0300
Processing by UsersController#index as HTML
  Rendering users/index.html.erb within layouts/application
  [1m[36mUser Load (0.2ms)[0m  [1m[34mSELECT "users".* FROM "users"[0m
  ↳ app/views/users/index.html.erb:16
  [1m[36mMicropost Load (0.1ms)[0m  [1m[34mSELECT  "microposts".* FROM "microposts" WHERE "microposts"."user_id" = ? ORDER BY "microposts"."id" ASC LIMIT ?[0m  [["user_id", 1], ["LIMIT", 1]]
  ↳ app/views/users/index.html.erb:20
  Rendered users/index.html.erb within layouts/application (4.5ms)
Completed 200 OK in 10ms (Views: 8.8ms | ActiveRecord: 0.4ms)


Started GET "/assets/application-7aff8d9fe9e7e3698beb3ac7430f3a121d5e671091b9420722e825c05c614ad2.css" for 127.0.0.1 at 2019-11-28 14:09:40 -0300
Started GET "/assets/application-969b296781e14bd543255bb00f8097ba345bc2f1f5154ba328c9a2da75591c06.js" for 127.0.0.1 at 2019-11-28 14:09:40 -0300
Started GET "/" for 127.0.0.1 at 2019-11-28 14:10:08 -0300
Processing by UsersController#index as HTML
  Rendering users/index.html.erb within layouts/application
  [1m[36mUser Load (0.1ms)[0m  [1m[34mSELECT "users".* FROM "users"[0m
  ↳ app/views/users/index.html.erb:16
  [1m[36mMicropost Load (0.4ms)[0m  [1m[34mSELECT  "microposts".* FROM "microposts" WHERE "microposts"."user_id" = ? ORDER BY "microposts"."id" DESC LIMIT ?[0m  [["user_id", 1], ["LIMIT", 1]]
  ↳ app/views/users/index.html.erb:20
  Rendered users/index.html.erb within layouts/application (3.4ms)
Completed 200 OK in 11ms (Views: 10.0ms | ActiveRecord: 0.5ms)


Started GET "/assets/application-7aff8d9fe9e7e3698beb3ac7430f3a121d5e671091b9420722e825c05c614ad2.css" for 127.0.0.1 at 2019-11-28 14:10:08 -0300
Started GET "/assets/application-969b296781e14bd543255bb00f8097ba345bc2f1f5154ba328c9a2da75591c06.js" for 127.0.0.1 at 2019-11-28 14:10:08 -0300
Started GET "/microposts/new" for 127.0.0.1 at 2019-11-28 14:10:59 -0300
Processing by MicropostsController#new as HTML
  Rendering microposts/new.html.erb within layouts/application
  Rendered microposts/_form.html.erb (5.2ms)
  Rendered microposts/new.html.erb within layouts/application (6.2ms)
Completed 200 OK in 20ms (Views: 11.5ms | ActiveRecord: 0.7ms)


Started POST "/microposts" for 127.0.0.1 at 2019-11-28 14:11:01 -0300
Processing by MicropostsController#create as HTML
  Parameters: {"utf8"=>"✓", "authenticity_token"=>"A48W8G5ILLKl8pVUZWxDTtO+r4P88wpMb+K2qUeoYsZhgasVjUPQhaHS9CxUyMEurG4B1hJclE0162hNnMx+GA==", "micropost"=>{"content"=>"", "user_id"=>""}, "commit"=>"Create Micropost"}
  [1m[35m (0.1ms)[0m  [1m[36mbegin transaction[0m
  ↳ app/controllers/microposts_controller.rb:30
  [1m[35m (0.1ms)[0m  [1m[31mrollback transaction[0m
  ↳ app/controllers/microposts_controller.rb:30
  Rendering microposts/new.html.erb within layouts/application
  Rendered microposts/_form.html.erb (2.5ms)
  Rendered microposts/new.html.erb within layouts/application (3.5ms)
Completed 200 OK in 14ms (Views: 8.1ms | ActiveRecord: 0.1ms)


Started GET "/microposts" for 127.0.0.1 at 2019-11-28 14:11:14 -0300
Processing by MicropostsController#index as HTML
  Rendering microposts/index.html.erb within layouts/application
  [1m[36mMicropost Load (0.2ms)[0m  [1m[34mSELECT "microposts".* FROM "microposts"[0m
  ↳ app/views/microposts/index.html.erb:17
  [1m[36mUser Load (0.2ms)[0m  [1m[34mSELECT  "users".* FROM "users" WHERE "users"."id" = ? LIMIT ?[0m  [["id", 1], ["LIMIT", 1]]
  ↳ app/views/microposts/index.html.erb:20
  Rendered microposts/index.html.erb within layouts/application (8.6ms)
Completed 200 OK in 14ms (Views: 12.5ms | ActiveRecord: 0.9ms)


